          0.00390625          5.669849406         -1.533643301            100.00122          44.09341977
          0.01171875          5.669849406         -1.533643301            100.00122          44.09341977
          0.01953125          5.669849406         -1.533643301            100.00122          44.09341977
          0.02734375          5.669849406         -1.533643301            100.00122          44.09341977
          0.03515625          5.669849406         -1.533643301            100.00122          44.09341977
          0.04296875          5.669849406         -1.533643301            100.00122          44.09341977
          0.05078125          5.669849406         -1.533643301            100.00122          44.09341977
          0.05859375          5.669849406         -1.533643301            100.00122          44.09341977
          0.06640625          5.669849406         -1.533643301            100.00122          44.09341977
          0.07421875          5.669849406         -1.533643301            100.00122          44.09341977
          0.08203125          5.669849406         -1.533643301            100.00122          44.09341977
          0.08984375          5.669849406         -1.533643301            100.00122          44.09341977
          0.09765625          5.669849406         -1.533643301            100.00122          44.09341977
          0.10546875          5.669849406         -1.533643301            100.00122          44.09341977
          0.11328125          5.669849406         -1.533643301            100.00122          44.09341977
          0.12109375          5.669849406         -1.533643301            100.00122          44.09341977
          0.12890625          5.669849406         -1.533643301            100.00122          44.09341977
          0.13671875          5.669849406         -1.533643301            100.00122          44.09341977
          0.14453125          5.669849406         -1.533643301            100.00122          44.09341977
          0.15234375          5.669849406         -1.533643301            100.00122          44.09341977
          0.16015625          5.669849406         -1.533643301            100.00122          44.09341977
          0.16796875          5.669849406         -1.533643301            100.00122          44.09341977
          0.17578125          5.669849406         -1.533643301            100.00122          44.09341977
          0.18359375          5.669849406         -1.533643301            100.00122          44.09341977
          0.19140625          5.669849406         -1.533643301            100.00122          44.09341977
          0.19921875          5.669815121         -1.533643301            100.00122           44.0936864
          0.20703125          5.669815121         -1.533643301            100.00122           44.0936864
          0.21484375          5.669815121         -1.533643301            100.00122           44.0936864
          0.22265625          5.669815121         -1.533643301            100.00122           44.0936864
          0.23046875          5.669815121         -1.533643301            100.00122           44.0936864
          0.23828125          5.669815121         -1.533643301            100.00122           44.0936864
          0.24609375          5.669815121         -1.533643301            100.00122           44.0936864
          0.25390625          5.669815121         -1.533643301            100.00122           44.0936864
          0.26171875          5.669815121         -1.533643301            100.00122           44.0936864
          0.26953125          5.669815121         -1.533643301            100.00122           44.0936864
          0.27734375          5.669815121         -1.533643301            100.00122           44.0936864
          0.28515625          5.669815121         -1.533643301            100.00122           44.0936864
          0.29296875          5.669815121         -1.533643301            100.00122           44.0936864
          0.30078125          5.669815121         -1.533643301            100.00122           44.0936864
          0.30859375          5.669815121         -1.533643301            100.00122           44.0936864
          0.31640625          5.669815121         -1.533643301            100.00122           44.0936864
          0.32421875          5.669815121         -1.533643301            100.00122           44.0936864
          0.33203125          5.669815121         -1.533643301            100.00122           44.0936864
          0.33984375          5.669815121         -1.533643301            100.00122           44.0936864
          0.34765625          5.669815121         -1.533643301            100.00122           44.0936864
          0.35546875          5.669815121         -1.533643301            100.00122           44.0936864
          0.36328125          5.669815121         -1.533643301            100.00122           44.0936864
          0.37109375          5.669815121         -1.533643301            100.00122           44.0936864
          0.37890625          5.669815121         -1.533643301            100.00122           44.0936864
          0.38671875          5.669815121         -1.533643301            100.00122           44.0936864
          0.39453125          5.669815121         -1.533643301            100.00122           44.0936864
          0.40234375          5.669815121         -1.533643301            100.00122           44.0936864
          0.41015625          5.669815121         -1.533643301            100.00122           44.0936864
          0.41796875          5.669815121         -1.533643301            100.00122           44.0936864
          0.42578125          5.669815121         -1.533643301            100.00122           44.0936864
          0.43359375          5.669815121         -1.533643301            100.00122           44.0936864
          0.44140625          5.669815121         -1.533643301            100.00122           44.0936864
          0.44921875          5.669815121         -1.533643301            100.00122           44.0936864
          0.45703125          5.669815121         -1.533643301            100.00122           44.0936864
          0.46484375          5.669815121         -1.533643301            100.00122           44.0936864
          0.47265625          5.669815121         -1.533643301            100.00122           44.0936864
          0.48046875          5.669815121         -1.533643301            100.00122           44.0936864
          0.48828125          5.669815121         -1.533643301            100.00122           44.0936864
          0.49609375          5.669815121         -1.533643301            100.00122           44.0936864
          0.50390625          5.669815121         -1.533643301            100.00122           44.0936864
          0.51171875          5.669815121         -1.533643301            100.00122           44.0936864
          0.51953125          5.669815121         -1.533643301            100.00122           44.0936864
          0.52734375          5.669815121         -1.533643301            100.00122           44.0936864
          0.53515625          5.669815121         -1.533643301            100.00122           44.0936864
          0.54296875          5.669815121         -1.533643301            100.00122           44.0936864
          0.55078125          5.669815121         -1.533643301            100.00122           44.0936864
          0.55859375          5.669815121         -1.533643301            100.00122           44.0936864
          0.56640625          5.669815121         -1.533643301            100.00122           44.0936864
          0.57421875          5.669815121         -1.533643301            100.00122           44.0936864
          0.58203125                    1             -10.5636                    1                  2.5
          0.58984375                    1             -10.5636                    1                  2.5
          0.59765625                    1             -10.5636                    1                  2.5
          0.60546875                    1             -10.5636                    1                  2.5
          0.61328125                    1             -10.5636                    1                  2.5
          0.62109375                    1             -10.5636                    1                  2.5
          0.62890625                    1             -10.5636                    1                  2.5
          0.63671875                    1             -10.5636                    1                  2.5
          0.64453125                    1             -10.5636                    1                  2.5
          0.65234375                    1             -10.5636                    1                  2.5
          0.66015625                    1             -10.5636                    1                  2.5
          0.66796875                    1             -10.5636                    1                  2.5
          0.67578125                    1             -10.5636                    1                  2.5
          0.68359375                    1             -10.5636                    1                  2.5
          0.69140625                    1             -10.5636                    1                  2.5
          0.69921875                    1             -10.5636                    1                  2.5
          0.70703125                    1             -10.5636                    1                  2.5
          0.71484375                    1             -10.5636                    1                  2.5
          0.72265625                    1             -10.5636                    1                  2.5
          0.73046875                    1             -10.5636                    1                  2.5
          0.73828125                    1             -10.5636                    1                  2.5
          0.74609375                    1             -10.5636                    1                  2.5
          0.75390625                    1             -10.5636                    1                  2.5
          0.76171875                    1             -10.5636                    1                  2.5
          0.76953125                    1             -10.5636                    1                  2.5
          0.77734375                    1             -10.5636                    1                  2.5
          0.78515625                    1             -10.5636                    1                  2.5
          0.79296875                    1             -10.5636                    1                  2.5
          0.80078125                    1             -10.5636                    1                  2.5
          0.80859375                    1             -10.5636                    1                  2.5
          0.81640625                    1             -10.5636                    1                  2.5
          0.82421875                    1             -10.5636                    1                  2.5
          0.83203125                    1             -10.5636                    1                  2.5
          0.83984375                    1             -10.5636                    1                  2.5
          0.84765625                    1             -10.5636                    1                  2.5
          0.85546875                    1             -10.5636                    1                  2.5
          0.86328125                    1             -10.5636                    1                  2.5
          0.87109375                    1             -10.5636                    1                  2.5
          0.87890625                    1             -10.5636                    1                  2.5
          0.88671875                    1             -10.5636                    1                  2.5
          0.89453125                    1             -10.5636                    1                  2.5
          0.90234375                    1             -10.5636                    1                  2.5
          0.91015625                    1             -10.5636                    1                  2.5
          0.91796875                    1             -10.5636                    1                  2.5
          0.92578125                    1             -10.5636                    1                  2.5
          0.93359375                    1             -10.5636                    1                  2.5
          0.94140625                    1             -10.5636                    1                  2.5
          0.94921875                    1             -10.5636                    1                  2.5
          0.95703125                    1             -10.5636                    1                  2.5
          0.96484375                    1             -10.5636                    1                  2.5
          0.97265625                    1             -10.5636                    1                  2.5
          0.98046875                    1             -10.5636                    1                  2.5
          0.98828125                    1             -10.5636                    1                  2.5
          0.99609375                    1             -10.5636                    1                  2.5
